<?xml version="1.0" encoding="UTF-8"?>
<!-- Generated by org.testng.reporters.JUnitReportReporter -->
<testsuite hostname="Sams-PC" name="demo.specs.Demo_test" tests="2" failures="0" timestamp="13 Oct 2015 20:46:51 GMT" time="22.157" errors="0">
  <testcase name="Test01" time="2.452" classname="demo.specs.Demo_test"/>
  <testcase name="Test02" time="19.705" classname="demo.specs.Demo_test"/>
</testsuite> <!-- demo.specs.Demo_test -->
