<?xml version="1.0" encoding="UTF-8"?>
<!-- Generated by org.testng.reporters.JUnitReportReporter -->
<testsuite hostname="Sams-PC" name="demo.specs.Demo_test" tests="2" failures="0" timestamp="8 Oct 2015 16:15:03 GMT" time="14.863" errors="0">
  <testcase name="Test01" time="1.836" classname="demo.specs.Demo_test"/>
  <testcase name="Test02" time="13.027" classname="demo.specs.Demo_test"/>
</testsuite> <!-- demo.specs.Demo_test -->
