<?xml version="1.0" encoding="UTF-8"?>
<!-- Generated by org.testng.reporters.JUnitReportReporter -->
<testsuite hostname="Sams-PC" name="demo.specs.Demo_test" tests="2" failures="0" timestamp="14 Oct 2015 10:35:52 GMT" time="26.256" errors="0">
  <testcase name="Test01" time="21.004" classname="demo.specs.Demo_test"/>
  <testcase name="Test02" time="5.252" classname="demo.specs.Demo_test"/>
</testsuite> <!-- demo.specs.Demo_test -->
