<?xml version="1.0" encoding="UTF-8"?>
<!-- Generated by org.testng.reporters.JUnitReportReporter -->
<testsuite hostname="Sams-PC" name="demo.specs.Demo_test" tests="2" failures="0" timestamp="8 Oct 2015 16:03:31 GMT" time="23.346" errors="0">
  <testcase name="Test01" time="2.156" classname="demo.specs.Demo_test"/>
  <testcase name="Test02" time="21.190" classname="demo.specs.Demo_test"/>
</testsuite> <!-- demo.specs.Demo_test -->
