<?xml version="1.0" encoding="UTF-8"?>
<!-- Generated by org.testng.reporters.JUnitReportReporter -->
<testsuite hostname="Sams-PC" name="demo.specs.Demo_test" tests="2" failures="0" timestamp="12 Oct 2015 07:41:17 GMT" time="16.327" errors="0">
  <testcase name="Test01" time="11.186" classname="demo.specs.Demo_test"/>
  <testcase name="Test02" time="5.141" classname="demo.specs.Demo_test"/>
</testsuite> <!-- demo.specs.Demo_test -->
