<?xml version="1.0" encoding="UTF-8"?>
<!-- Generated by org.testng.reporters.JUnitReportReporter -->
<testsuite hostname="Sams-PC" name="demo.specs.Demo_test" tests="2" failures="0" timestamp="9 Oct 2015 08:56:36 GMT" time="22.194" errors="0">
  <testcase name="Test02" time="19.649" classname="demo.specs.Demo_test"/>
  <testcase name="Test01" time="2.545" classname="demo.specs.Demo_test"/>
</testsuite> <!-- demo.specs.Demo_test -->
