<?xml version="1.0" encoding="UTF-8"?>
<!-- Generated by org.testng.reporters.JUnitReportReporter -->
<testsuite hostname="Sams-PC" name="demo.specs.Demo_test" tests="2" failures="0" timestamp="9 Oct 2015 07:28:57 GMT" time="13.686" errors="0">
  <testcase name="Test02" time="5.506" classname="demo.specs.Demo_test"/>
  <testcase name="Test01" time="8.180" classname="demo.specs.Demo_test"/>
</testsuite> <!-- demo.specs.Demo_test -->
