<?xml version="1.0" encoding="UTF-8"?>
<!-- Generated by org.testng.reporters.JUnitReportReporter -->
<testsuite hostname="Sams-PC" name="demo.specs.Demo_test" tests="2" failures="0" timestamp="9 Oct 2015 05:50:12 GMT" time="14.323" errors="0">
  <testcase name="Test01" time="3.296" classname="demo.specs.Demo_test"/>
  <testcase name="Test02" time="11.027" classname="demo.specs.Demo_test"/>
</testsuite> <!-- demo.specs.Demo_test -->
