<?xml version="1.0" encoding="UTF-8"?>
<!-- Generated by org.testng.reporters.JUnitReportReporter -->
<testsuite hostname="Sams-PC" name="demo.specs.Demo_test" tests="2" failures="0" timestamp="9 Oct 2015 07:20:51 GMT" time="19.115" errors="0">
  <testcase name="Test01" time="12.308" classname="demo.specs.Demo_test"/>
  <testcase name="Test02" time="6.807" classname="demo.specs.Demo_test"/>
</testsuite> <!-- demo.specs.Demo_test -->
