<?xml version="1.0" encoding="UTF-8"?>
<!-- Generated by org.testng.reporters.JUnitReportReporter -->
<testsuite hostname="Sams-PC" name="demo.specs.Demo_test" tests="2" failures="0" timestamp="24 Oct 2015 07:31:34 GMT" time="38.847" errors="0">
  <testcase name="Test01" time="26.282" classname="demo.specs.Demo_test"/>
  <testcase name="Test02" time="12.565" classname="demo.specs.Demo_test"/>
</testsuite> <!-- demo.specs.Demo_test -->
