<?xml version="1.0" encoding="UTF-8"?>
<!-- Generated by org.testng.reporters.JUnitReportReporter -->
<testsuite hostname="Sams-PC" name="demo.specs.Demo_test" tests="2" failures="0" timestamp="24 Oct 2015 06:00:35 GMT" time="67.190" errors="0">
  <testcase name="Test01" time="49.238" classname="demo.specs.Demo_test"/>
  <testcase name="Test02" time="17.952" classname="demo.specs.Demo_test"/>
</testsuite> <!-- demo.specs.Demo_test -->
