<?xml version="1.0" encoding="UTF-8"?>
<!-- Generated by org.testng.reporters.JUnitReportReporter -->
<testsuite hostname="Sams-PC" name="org.seleniumworks.AppTest" tests="1" failures="0" timestamp="21 Sep 2015 06:20:44 GMT" time="4.491" errors="0">
  <testcase name="Test01" time="4.491" classname="org.seleniumworks.AppTest"/>
</testsuite> <!-- org.seleniumworks.AppTest -->
