<?xml version="1.0" encoding="UTF-8"?>
<!-- Generated by org.testng.reporters.JUnitReportReporter -->
<testsuite hostname="Sams-PC" name="demo.specs.Home_page" tests="2" failures="0" timestamp="23 Sep 2015 07:05:17 GMT" time="17.753" errors="0">
  <testcase name="Test01" time="9.495" classname="demo.specs.Home_page"/>
  <testcase name="Test02" time="8.258" classname="demo.specs.Home_page"/>
</testsuite> <!-- demo.specs.Home_page -->
